2021-09-24 14:08:31,525:WARNING:discord.client:PyNaCl is not installed, voice will NOT be supported
2021-09-24 14:08:31,525:DEBUG:discord.client:on_ready has successfully been registered as an event
2021-09-24 14:08:31,526:INFO:discord.client:logging in using static token
2021-09-24 14:08:31,939:DEBUG:discord.http:GET https://discord.com/api/v7/users/@me with None has returned 200
2021-09-24 14:08:31,940:DEBUG:discord.http:GET https://discord.com/api/v7/users/@me has received {'id': '890571244058075227', 'username': 'StylowaMC', 'avatar': None, 'discriminator': '0512', 'public_flags': 0, 'flags': 0, 'bot': True, 'banner': None, 'banner_color': None, 'accent_color': None, 'bio': '', 'locale': 'en-US', 'mfa_enabled': False, 'email': None, 'verified': True}
2021-09-24 14:08:31,974:DEBUG:discord.http:GET https://discord.com/api/v7/gateway with None has returned 200
2021-09-24 14:08:31,974:DEBUG:discord.http:GET https://discord.com/api/v7/gateway has received {'url': 'wss://gateway.discord.gg'}
2021-09-24 14:08:32,205:DEBUG:discord.gateway:Created websocket connected to wss://gateway.discord.gg?encoding=json&v=6&compress=zlib-stream
2021-09-24 14:08:32,206:DEBUG:discord.client:Dispatching event socket_raw_receive
2021-09-24 14:08:32,206:DEBUG:discord.gateway:For Shard ID None: WebSocket Event: {'t': None, 's': None, 'op': 10, 'd': {'heartbeat_interval': 41250, '_trace': ['["gateway-prd-main-3mn0",{"micros":0.0}]']}}
2021-09-24 14:08:32,206:DEBUG:discord.client:Dispatching event socket_response
2021-09-24 14:08:32,206:DEBUG:discord.client:Dispatching event socket_raw_send
2021-09-24 14:08:32,207:DEBUG:discord.client:Dispatching event socket_raw_send
2021-09-24 14:08:32,207:INFO:discord.gateway:Shard ID None has sent the IDENTIFY payload.
2021-09-24 14:08:32,346:DEBUG:discord.client:Dispatching event socket_raw_receive
2021-09-24 14:08:32,346:DEBUG:discord.gateway:For Shard ID None: WebSocket Event: {'t': None, 's': None, 'op': 11, 'd': None}
2021-09-24 14:08:32,346:DEBUG:discord.client:Dispatching event socket_response
2021-09-24 14:08:32,534:DEBUG:discord.client:Dispatching event socket_raw_receive
2021-09-24 14:08:32,534:DEBUG:discord.gateway:For Shard ID None: WebSocket Event: {'t': 'READY', 's': 1, 'op': 0, 'd': {'v': 6, 'user_settings': {}, 'user': {'verified': True, 'username': 'StylowaMC', 'mfa_enabled': False, 'id': '890571244058075227', 'flags': 0, 'email': None, 'discriminator': '0512', 'bot': True, 'avatar': None}, 'session_id': 'efb0c86a2c9b040e79c3ad3b9422dfd1', 'relationships': [], 'private_channels': [], 'presences': [], 'guilds': [{'unavailable': True, 'id': '890572369670832188'}], 'guild_join_requests': [], 'geo_ordered_rtc_regions': ['stockholm', 'europe', 'st-pete', 'russia', 'dubai'], 'application': {'id': '890571244058075227', 'flags': 303104}, '_trace': ['["gateway-prd-main-3mn0",{"micros":172823,"calls":["discord-sessions-green-prd-2-20",{"micros":171892,"calls":["start_session",{"micros":133252,"calls":["api-prd-main-lm8n",{"micros":83013,"calls":["get_user",{"micros":7117},"add_authorized_ip",{"micros":5847},"get_guilds",{"micros":17929},"coros_wait",{"micros":1}]}]},"guilds_connect",{"micros":1,"calls":[]},"presence_connect",{"micros":27414,"calls":[]}]}]}]']}}
2021-09-24 14:08:32,535:DEBUG:discord.client:Dispatching event socket_response
2021-09-24 14:08:32,535:INFO:discord.gateway:Shard ID None has connected to Gateway: ["gateway-prd-main-3mn0",{"micros":172823,"calls":["discord-sessions-green-prd-2-20",{"micros":171892,"calls":["start_session",{"micros":133252,"calls":["api-prd-main-lm8n",{"micros":83013,"calls":["get_user",{"micros":7117},"add_authorized_ip",{"micros":5847},"get_guilds",{"micros":17929},"coros_wait",{"micros":1}]}]},"guilds_connect",{"micros":1,"calls":[]},"presence_connect",{"micros":27414,"calls":[]}]}]}] (Session ID: efb0c86a2c9b040e79c3ad3b9422dfd1).
2021-09-24 14:08:32,549:DEBUG:discord.client:Dispatching event connect
2021-09-24 14:08:32,549:DEBUG:discord.client:Dispatching event socket_raw_receive
2021-09-24 14:08:32,550:DEBUG:discord.gateway:For Shard ID None: WebSocket Event: {'t': 'GUILD_CREATE', 's': 2, 'op': 0, 'd': {'emojis': [{'roles': [], 'require_colons': True, 'name': 'logo', 'managed': False, 'id': '890908885278396416', 'available': True, 'animated': False}], 'features': [], 'name': "JonathanGalindo's server", 'guild_scheduled_events': [], 'mfa_level': 0, 'presences': [], 'description': None, 'afk_timeout': 300, 'rules_channel_id': None, 'discovery_splash': None, 'application_command_count': 0, 'application_command_counts': {'3': 0, '2': 0, '1': 0}, 'banner': None, 'premium_subscription_count': 0, 'roles': [{'unicode_emoji': None, 'position': 0, 'permissions_new': '1071698660929', 'permissions': 104320577, 'name': '@everyone', 'mentionable': False, 'managed': False, 'id': '890572369670832188', 'icon': None, 'hoist': False, 'color': 0}, {'unicode_emoji': None, 'tags': {'bot_id': '890571244058075227'}, 'position': 2, 'permissions_new': '137439471680', 'permissions': 518208, 'name': 'StylowaMC', 'mentionable': False, 'managed': True, 'id': '890572709669515276', 'icon': None, 'hoist': False, 'color': 0}, {'unicode_emoji': None, 'position': 1, 'permissions_new': '1071698660929', 'permissions': 104320577, 'name': 'test', 'mentionable': False, 'managed': False, 'id': '890919605051224114', 'icon': None, 'hoist': False, 'color': 0}], 'joined_at': '2021-09-23T12:18:00.090000+00:00', 'member_count': 3, 'max_members': 250000, 'max_video_channel_users': 25, 'unavailable': False, 'icon': None, 'preferred_locale': 'en-US', 'application_id': None, 'nsfw_level': 0, 'nsfw': False, 'owner_id': '751062313854828655', 'threads': [], 'system_channel_flags': 0, 'stage_instances': [], 'guild_hashes': {'version': 1, 'roles': {'omitted': False, 'hash': 'ZgvMsPfWyeU'}, 'metadata': {'omitted': False, 'hash': 'M6oEZCylmJk'}, 'channels': {'omitted': False, 'hash': 'GqDhMUjFokE'}}, 'splash': None, 'region': 'stockholm', 'voice_states': [], 'id': '890572369670832188', 'channels': [{'type': 4, 'position': 0, 'permission_overwrites': [], 'name': 'Text channels', 'id': '890572369670832189'}, {'type': 4, 'position': 0, 'permission_overwrites': [], 'name': 'Voice channels', 'id': '890572370216108042'}, {'type': 0, 'topic': None, 'rate_limit_per_user': 0, 'position': 0, 'permission_overwrites': [], 'parent_id': '890572369670832189', 'name': 'general', 'last_message_id': '890926318504509570', 'id': '890572370216108043'}, {'user_limit': 0, 'type': 2, 'rtc_region': None, 'rate_limit_per_user': 0, 'position': 0, 'permission_overwrites': [], 'parent_id': '890572370216108042', 'name': 'General', 'last_message_id': None, 'id': '890572370216108044', 'bitrate': 64000}, {'type': 0, 'topic': None, 'rate_limit_per_user': 0, 'position': 1, 'permission_overwrites': [], 'parent_id': '890572369670832189', 'nsfw': False, 'name': 'testowy', 'last_message_id': '890917310829854731', 'id': '890903048128430080'}], 'members': [{'user': {'username': 'StylowaMC', 'id': '890571244058075227', 'discriminator': '0512', 'bot': True, 'avatar': None}, 'roles': ['890572709669515276'], 'mute': False, 'joined_at': '2021-09-23T12:18:00.090000+00:00', 'hoisted_role': None, 'deaf': False}], 'stickers': [], 'verification_level': 0, 'large': False, 'lazy': True, 'premium_tier': 0, 'vanity_url_code': None, 'public_updates_channel_id': None, 'default_message_notifications': 0, 'system_channel_id': '890572370216108043', 'afk_channel_id': None, 'explicit_content_filter': 0}}
2021-09-24 14:08:32,551:DEBUG:discord.client:Dispatching event socket_response
2021-09-24 14:08:32,552:DEBUG:discord.client:Dispatching event socket_raw_send
2021-09-24 14:08:32,695:DEBUG:discord.client:Dispatching event socket_raw_receive
2021-09-24 14:08:32,695:DEBUG:discord.gateway:For Shard ID None: WebSocket Event: {'t': 'GUILD_MEMBERS_CHUNK', 's': 3, 'op': 0, 'd': {'nonce': 'ee6551e381a06d2b35a75d283e40d72b', 'members': [{'user': {'username': 'Styles', 'public_flags': 128, 'id': '430506598390038548', 'discriminator': '7171', 'avatar': 'dc94b145ada7b13f74f56ac30235310f'}, 'roles': [], 'premium_since': None, 'pending': False, 'nick': None, 'mute': False, 'joined_at': '2021-09-24T11:06:59.316829+00:00', 'is_pending': False, 'hoisted_role': None, 'deaf': False, 'avatar': None}, {'user': {'username': 'JonathanGalindo', 'id': '751062313854828655', 'discriminator': '2452', 'avatar': '95bc0e8dec9de7ed0d0b53d8581d221e'}, 'roles': [], 'mute': False, 'joined_at': '2021-09-23T12:16:38.999000+00:00', 'hoisted_role': None, 'deaf': False}, {'user': {'username': 'StylowaMC', 'id': '890571244058075227', 'discriminator': '0512', 'bot': True, 'avatar': None}, 'roles': ['890572709669515276'], 'mute': False, 'joined_at': '2021-09-23T12:18:00.090000+00:00', 'hoisted_role': None, 'deaf': False}], 'guild_id': '890572369670832188', 'chunk_index': 0, 'chunk_count': 1}}
2021-09-24 14:08:32,695:DEBUG:discord.client:Dispatching event socket_response
2021-09-24 14:08:32,696:DEBUG:discord.state:Processed a chunk for 3 members in guild ID 890572369670832188.
2021-09-24 14:08:34,569:DEBUG:discord.client:Dispatching event guild_available
2021-09-24 14:08:34,570:DEBUG:discord.client:Dispatching event ready
2021-09-24 14:09:13,473:DEBUG:discord.gateway:Keeping shard ID None websocket alive with sequence 3.
2021-09-24 14:09:13,610:DEBUG:discord.client:Dispatching event socket_raw_receive
2021-09-24 14:09:13,611:DEBUG:discord.gateway:For Shard ID None: WebSocket Event: {'t': None, 's': None, 'op': 11, 'd': None}
2021-09-24 14:09:13,611:DEBUG:discord.client:Dispatching event socket_response
2021-09-24 14:09:54,731:DEBUG:discord.gateway:Keeping shard ID None websocket alive with sequence 3.
2021-09-24 14:09:54,876:DEBUG:discord.client:Dispatching event socket_raw_receive
2021-09-24 14:09:54,876:DEBUG:discord.gateway:For Shard ID None: WebSocket Event: {'t': None, 's': None, 'op': 11, 'd': None}
2021-09-24 14:09:54,876:DEBUG:discord.client:Dispatching event socket_response
2021-09-24 14:10:35,993:DEBUG:discord.gateway:Keeping shard ID None websocket alive with sequence 3.
2021-09-24 14:10:36,127:DEBUG:discord.client:Dispatching event socket_raw_receive
2021-09-24 14:10:36,127:DEBUG:discord.gateway:For Shard ID None: WebSocket Event: {'t': None, 's': None, 'op': 11, 'd': None}
2021-09-24 14:10:36,128:DEBUG:discord.client:Dispatching event socket_response
2021-09-24 14:11:17,259:DEBUG:discord.gateway:Keeping shard ID None websocket alive with sequence 3.
2021-09-24 14:11:17,402:DEBUG:discord.client:Dispatching event socket_raw_receive
2021-09-24 14:11:17,403:DEBUG:discord.gateway:For Shard ID None: WebSocket Event: {'t': None, 's': None, 'op': 11, 'd': None}
2021-09-24 14:11:17,403:DEBUG:discord.client:Dispatching event socket_response
2021-09-24 14:11:58,523:DEBUG:discord.gateway:Keeping shard ID None websocket alive with sequence 3.
2021-09-24 14:11:58,658:DEBUG:discord.client:Dispatching event socket_raw_receive
2021-09-24 14:11:58,659:DEBUG:discord.gateway:For Shard ID None: WebSocket Event: {'t': None, 's': None, 'op': 11, 'd': None}
2021-09-24 14:11:58,659:DEBUG:discord.client:Dispatching event socket_response
2021-09-24 14:12:39,785:DEBUG:discord.gateway:Keeping shard ID None websocket alive with sequence 3.
2021-09-24 14:12:39,910:DEBUG:discord.client:Dispatching event socket_raw_receive
2021-09-24 14:12:39,910:DEBUG:discord.gateway:For Shard ID None: WebSocket Event: {'t': None, 's': None, 'op': 11, 'd': None}
2021-09-24 14:12:39,925:DEBUG:discord.client:Dispatching event socket_response
2021-09-24 14:13:21,044:DEBUG:discord.gateway:Keeping shard ID None websocket alive with sequence 3.
2021-09-24 14:13:21,183:DEBUG:discord.client:Dispatching event socket_raw_receive
2021-09-24 14:13:21,184:DEBUG:discord.gateway:For Shard ID None: WebSocket Event: {'t': None, 's': None, 'op': 11, 'd': None}
2021-09-24 14:13:21,184:DEBUG:discord.client:Dispatching event socket_response
2021-09-24 14:14:02,300:DEBUG:discord.gateway:Keeping shard ID None websocket alive with sequence 3.
2021-09-24 14:14:02,438:DEBUG:discord.client:Dispatching event socket_raw_receive
2021-09-24 14:14:02,438:DEBUG:discord.gateway:For Shard ID None: WebSocket Event: {'t': None, 's': None, 'op': 11, 'd': None}
2021-09-24 14:14:02,438:DEBUG:discord.client:Dispatching event socket_response
2021-09-24 14:14:43,567:DEBUG:discord.gateway:Keeping shard ID None websocket alive with sequence 3.
2021-09-24 14:14:43,705:DEBUG:discord.client:Dispatching event socket_raw_receive
2021-09-24 14:14:43,705:DEBUG:discord.gateway:For Shard ID None: WebSocket Event: {'t': None, 's': None, 'op': 11, 'd': None}
2021-09-24 14:14:43,706:DEBUG:discord.client:Dispatching event socket_response
2021-09-24 14:15:23,537:DEBUG:discord.client:Dispatching event socket_raw_receive
2021-09-24 14:15:23,537:DEBUG:discord.gateway:For Shard ID None: WebSocket Event: {'t': 'TYPING_START', 's': 4, 'op': 0, 'd': {'user_id': '751062313854828655', 'timestamp': 1632485819, 'member': {'user': {'username': 'JonathanGalindo', 'id': '751062313854828655', 'discriminator': '2452', 'avatar': '95bc0e8dec9de7ed0d0b53d8581d221e'}, 'roles': [], 'mute': False, 'joined_at': '2021-09-23T12:16:38.999000+00:00', 'hoisted_role': None, 'deaf': False}, 'channel_id': '890572370216108043', 'guild_id': '890572369670832188'}}
2021-09-24 14:15:23,538:DEBUG:discord.client:Dispatching event socket_response
2021-09-24 14:15:23,538:DEBUG:discord.client:Dispatching event typing
2021-09-24 14:15:24,822:DEBUG:discord.gateway:Keeping shard ID None websocket alive with sequence 4.
2021-09-24 14:15:24,963:DEBUG:discord.client:Dispatching event socket_raw_receive
2021-09-24 14:15:24,963:DEBUG:discord.gateway:For Shard ID None: WebSocket Event: {'t': None, 's': None, 'op': 11, 'd': None}
2021-09-24 14:15:24,963:DEBUG:discord.client:Dispatching event socket_response
2021-09-24 14:15:31,866:DEBUG:discord.client:Dispatching event socket_raw_receive
2021-09-24 14:15:31,866:DEBUG:discord.gateway:For Shard ID None: WebSocket Event: {'t': 'TYPING_START', 's': 5, 'op': 0, 'd': {'user_id': '751062313854828655', 'timestamp': 1632485828, 'member': {'user': {'username': 'JonathanGalindo', 'id': '751062313854828655', 'discriminator': '2452', 'avatar': '95bc0e8dec9de7ed0d0b53d8581d221e'}, 'roles': [], 'mute': False, 'joined_at': '2021-09-23T12:16:38.999000+00:00', 'hoisted_role': None, 'deaf': False}, 'channel_id': '890572370216108043', 'guild_id': '890572369670832188'}}
2021-09-24 14:15:31,867:DEBUG:discord.client:Dispatching event socket_response
2021-09-24 14:15:31,867:DEBUG:discord.client:Dispatching event typing
2021-09-24 14:15:39,949:DEBUG:discord.client:Dispatching event socket_raw_receive
2021-09-24 14:15:39,950:DEBUG:discord.gateway:For Shard ID None: WebSocket Event: {'t': 'TYPING_START', 's': 6, 'op': 0, 'd': {'user_id': '751062313854828655', 'timestamp': 1632485836, 'member': {'user': {'username': 'JonathanGalindo', 'id': '751062313854828655', 'discriminator': '2452', 'avatar': '95bc0e8dec9de7ed0d0b53d8581d221e'}, 'roles': [], 'mute': False, 'joined_at': '2021-09-23T12:16:38.999000+00:00', 'hoisted_role': None, 'deaf': False}, 'channel_id': '890572370216108043', 'guild_id': '890572369670832188'}}
2021-09-24 14:15:39,950:DEBUG:discord.client:Dispatching event socket_response
2021-09-24 14:15:39,950:DEBUG:discord.client:Dispatching event typing
2021-09-24 14:15:48,385:DEBUG:discord.client:Dispatching event socket_raw_receive
2021-09-24 14:15:48,386:DEBUG:discord.gateway:For Shard ID None: WebSocket Event: {'t': 'TYPING_START', 's': 7, 'op': 0, 'd': {'user_id': '751062313854828655', 'timestamp': 1632485844, 'member': {'user': {'username': 'JonathanGalindo', 'id': '751062313854828655', 'discriminator': '2452', 'avatar': '95bc0e8dec9de7ed0d0b53d8581d221e'}, 'roles': [], 'mute': False, 'joined_at': '2021-09-23T12:16:38.999000+00:00', 'hoisted_role': None, 'deaf': False}, 'channel_id': '890572370216108043', 'guild_id': '890572369670832188'}}
2021-09-24 14:15:48,386:DEBUG:discord.client:Dispatching event socket_response
2021-09-24 14:15:48,386:DEBUG:discord.client:Dispatching event typing
2021-09-24 14:15:56,431:DEBUG:discord.client:Dispatching event socket_raw_receive
2021-09-24 14:15:56,432:DEBUG:discord.gateway:For Shard ID None: WebSocket Event: {'t': 'TYPING_START', 's': 8, 'op': 0, 'd': {'user_id': '751062313854828655', 'timestamp': 1632485852, 'member': {'user': {'username': 'JonathanGalindo', 'id': '751062313854828655', 'discriminator': '2452', 'avatar': '95bc0e8dec9de7ed0d0b53d8581d221e'}, 'roles': [], 'mute': False, 'joined_at': '2021-09-23T12:16:38.999000+00:00', 'hoisted_role': None, 'deaf': False}, 'channel_id': '890572370216108043', 'guild_id': '890572369670832188'}}
2021-09-24 14:15:56,432:DEBUG:discord.client:Dispatching event socket_response
2021-09-24 14:15:56,432:DEBUG:discord.client:Dispatching event typing
2021-09-24 14:16:04,457:DEBUG:discord.client:Dispatching event socket_raw_receive
2021-09-24 14:16:04,458:DEBUG:discord.gateway:For Shard ID None: WebSocket Event: {'t': 'TYPING_START', 's': 9, 'op': 0, 'd': {'user_id': '751062313854828655', 'timestamp': 1632485860, 'member': {'user': {'username': 'JonathanGalindo', 'id': '751062313854828655', 'discriminator': '2452', 'avatar': '95bc0e8dec9de7ed0d0b53d8581d221e'}, 'roles': [], 'mute': False, 'joined_at': '2021-09-23T12:16:38.999000+00:00', 'hoisted_role': None, 'deaf': False}, 'channel_id': '890572370216108043', 'guild_id': '890572369670832188'}}
2021-09-24 14:16:04,458:DEBUG:discord.client:Dispatching event socket_response
2021-09-24 14:16:04,459:DEBUG:discord.client:Dispatching event typing
2021-09-24 14:16:06,087:DEBUG:discord.gateway:Keeping shard ID None websocket alive with sequence 9.
2021-09-24 14:16:06,227:DEBUG:discord.client:Dispatching event socket_raw_receive
2021-09-24 14:16:06,227:DEBUG:discord.gateway:For Shard ID None: WebSocket Event: {'t': None, 's': None, 'op': 11, 'd': None}
2021-09-24 14:16:06,227:DEBUG:discord.client:Dispatching event socket_response
2021-09-24 14:16:11,554:DEBUG:discord.client:Dispatching event socket_raw_receive
2021-09-24 14:16:11,554:DEBUG:discord.gateway:For Shard ID None: WebSocket Event: {'t': 'MESSAGE_CREATE', 's': 10, 'op': 0, 'd': {'type': 0, 'tts': False, 'timestamp': '2021-09-24T12:17:47.845000+00:00', 'referenced_message': None, 'pinned': False, 'nonce': '890934641639292928', 'mentions': [], 'mention_roles': [], 'mention_everyone': False, 'member': {'roles': [], 'mute': False, 'joined_at': '2021-09-23T12:16:38.999000+00:00', 'hoisted_role': None, 'deaf': False}, 'id': '890935046444302406', 'flags': 0, 'embeds': [], 'edited_timestamp': None, 'content': '>>ogloszenie <#890903048128430080> Ogłoszenie Dzisiaj w dniu 24.09.2021 ogłaszamy rozpoczęcie prac nad nową edycją! Jeżeli macie jakieś pomysły które mogą okazać się przydatnę prosimy o kontakt - numer: 997', 'components': [], 'channel_id': '890572370216108043', 'author': {'username': 'JonathanGalindo', 'public_flags': 0, 'id': '751062313854828655', 'discriminator': '2452', 'avatar': '95bc0e8dec9de7ed0d0b53d8581d221e'}, 'attachments': [], 'guild_id': '890572369670832188'}}
2021-09-24 14:16:11,554:DEBUG:discord.client:Dispatching event socket_response
2021-09-24 14:16:11,555:DEBUG:discord.client:Dispatching event message
2021-09-24 14:16:11,555:DEBUG:discord.client:Dispatching event command
2021-09-24 14:16:11,812:DEBUG:discord.client:Dispatching event socket_raw_receive
2021-09-24 14:16:11,813:DEBUG:discord.gateway:For Shard ID None: WebSocket Event: {'t': 'MESSAGE_CREATE', 's': 11, 'op': 0, 'd': {'type': 0, 'tts': False, 'timestamp': '2021-09-24T12:17:48.104000+00:00', 'referenced_message': None, 'pinned': False, 'mentions': [], 'mention_roles': [], 'mention_everyone': False, 'member': {'roles': ['890572709669515276'], 'mute': False, 'joined_at': '2021-09-23T12:18:00.090000+00:00', 'hoisted_role': None, 'deaf': False}, 'id': '890935047530631178', 'flags': 0, 'embeds': [{'type': 'rich', 'title': '<:logo:890908885278396416> StylowaMC <:logo:890908885278396416>', 'fields': [{'value': 'Dzisiaj w dniu 24.09.2021 ogłaszamy rozpoczęcie prac nad nową edycją! Jeżeli macie jakieś pomysły które mogą okazać się przydatnę prosimy o kontakt - numer: 997', 'name': 'Ogłoszenie', 'inline': False}], 'color': 65280}], 'edited_timestamp': None, 'content': '', 'components': [], 'channel_id': '890903048128430080', 'author': {'username': 'StylowaMC', 'public_flags': 0, 'id': '890571244058075227', 'discriminator': '0512', 'bot': True, 'avatar': None}, 'attachments': [], 'guild_id': '890572369670832188'}}
2021-09-24 14:16:11,813:DEBUG:discord.client:Dispatching event socket_response
2021-09-24 14:16:11,813:DEBUG:discord.client:Dispatching event message
2021-09-24 14:16:11,816:DEBUG:discord.http:POST https://discord.com/api/v7/channels/890903048128430080/messages with {"embed":{"fields":[{"inline":false,"name":"Og\u0142oszenie","value":"Dzisiaj w dniu 24.09.2021 og\u0142aszamy rozpocz\u0119cie prac nad now\u0105 edycj\u0105! Je\u017celi macie jakie\u015b pomys\u0142y kt\u00f3re mog\u0105 okaza\u0107 si\u0119 przydatn\u0119 prosimy o kontakt - numer: 997"}],"color":65280,"type":"rich","title":"<:logo:890908885278396416> StylowaMC <:logo:890908885278396416>"}} has returned 200
2021-09-24 14:16:11,817:DEBUG:discord.http:POST https://discord.com/api/v7/channels/890903048128430080/messages has received {'id': '890935047530631178', 'type': 0, 'content': '', 'channel_id': '890903048128430080', 'author': {'id': '890571244058075227', 'username': 'StylowaMC', 'avatar': None, 'discriminator': '0512', 'public_flags': 0, 'bot': True}, 'attachments': [], 'embeds': [{'type': 'rich', 'title': '<:logo:890908885278396416> StylowaMC <:logo:890908885278396416>', 'color': 65280, 'fields': [{'name': 'Ogłoszenie', 'value': 'Dzisiaj w dniu 24.09.2021 ogłaszamy rozpoczęcie prac nad nową edycją! Jeżeli macie jakieś pomysły które mogą okazać się przydatnę prosimy o kontakt - numer: 997', 'inline': False}]}], 'mentions': [], 'mention_roles': [], 'pinned': False, 'mention_everyone': False, 'tts': False, 'timestamp': '2021-09-24T12:17:48.104000+00:00', 'edited_timestamp': None, 'flags': 0, 'components': [], 'referenced_message': None}
2021-09-24 14:16:11,817:DEBUG:discord.client:Dispatching event command_completion
2021-09-24 14:16:25,348:DEBUG:discord.client:Dispatching event socket_raw_receive
2021-09-24 14:16:25,349:DEBUG:discord.gateway:For Shard ID None: WebSocket Event: {'t': 'TYPING_START', 's': 12, 'op': 0, 'd': {'user_id': '751062313854828655', 'timestamp': 1632485881, 'member': {'user': {'username': 'JonathanGalindo', 'id': '751062313854828655', 'discriminator': '2452', 'avatar': '95bc0e8dec9de7ed0d0b53d8581d221e'}, 'roles': [], 'mute': False, 'joined_at': '2021-09-23T12:16:38.999000+00:00', 'hoisted_role': None, 'deaf': False}, 'channel_id': '890572370216108043', 'guild_id': '890572369670832188'}}
2021-09-24 14:16:25,349:DEBUG:discord.client:Dispatching event socket_response
2021-09-24 14:16:25,349:DEBUG:discord.client:Dispatching event typing
2021-09-24 14:16:32,762:DEBUG:discord.client:Dispatching event socket_raw_receive
2021-09-24 14:16:32,762:DEBUG:discord.gateway:For Shard ID None: WebSocket Event: {'t': 'MESSAGE_CREATE', 's': 13, 'op': 0, 'd': {'type': 0, 'tts': False, 'timestamp': '2021-09-24T12:18:09.058000+00:00', 'referenced_message': None, 'pinned': False, 'nonce': '890934730457874432', 'mentions': [], 'mention_roles': [], 'mention_everyone': False, 'member': {'roles': [], 'mute': False, 'joined_at': '2021-09-23T12:16:38.999000+00:00', 'hoisted_role': None, 'deaf': False}, 'id': '890935135418081330', 'flags': 0, 'embeds': [], 'edited_timestamp': None, 'content': '>>ogloszenie <#890903048128430080> Ogłoszenie Dzisiaj w dniu 24.09.2021 ogłaszamy rozpoczęcie prac nad nową edycją! Jeżeli macie jakieś pomysły które mogą okazać się przydatnę prosimy o kontakt - numer: 997\n\nWidzę również coś', 'components': [], 'channel_id': '890572370216108043', 'author': {'username': 'JonathanGalindo', 'public_flags': 0, 'id': '751062313854828655', 'discriminator': '2452', 'avatar': '95bc0e8dec9de7ed0d0b53d8581d221e'}, 'attachments': [], 'guild_id': '890572369670832188'}}
2021-09-24 14:16:32,763:DEBUG:discord.client:Dispatching event socket_response
2021-09-24 14:16:32,763:DEBUG:discord.client:Dispatching event message
2021-09-24 14:16:32,764:DEBUG:discord.client:Dispatching event command
2021-09-24 14:16:33,000:DEBUG:discord.client:Dispatching event socket_raw_receive
2021-09-24 14:16:33,000:DEBUG:discord.gateway:For Shard ID None: WebSocket Event: {'t': 'MESSAGE_CREATE', 's': 14, 'op': 0, 'd': {'type': 0, 'tts': False, 'timestamp': '2021-09-24T12:18:09.306000+00:00', 'referenced_message': None, 'pinned': False, 'mentions': [], 'mention_roles': [], 'mention_everyone': False, 'member': {'roles': ['890572709669515276'], 'mute': False, 'joined_at': '2021-09-23T12:18:00.090000+00:00', 'hoisted_role': None, 'deaf': False}, 'id': '890935136458264576', 'flags': 0, 'embeds': [{'type': 'rich', 'title': '<:logo:890908885278396416> StylowaMC <:logo:890908885278396416>', 'fields': [{'value': 'Dzisiaj w dniu 24.09.2021 ogłaszamy rozpoczęcie prac nad nową edycją! Jeżeli macie jakieś pomysły które mogą okazać się przydatnę prosimy o kontakt - numer: 997\n\nWidzę również coś', 'name': 'Ogłoszenie', 'inline': False}], 'color': 65280}], 'edited_timestamp': None, 'content': '', 'components': [], 'channel_id': '890903048128430080', 'author': {'username': 'StylowaMC', 'public_flags': 0, 'id': '890571244058075227', 'discriminator': '0512', 'bot': True, 'avatar': None}, 'attachments': [], 'guild_id': '890572369670832188'}}
2021-09-24 14:16:33,000:DEBUG:discord.client:Dispatching event socket_response
2021-09-24 14:16:33,001:DEBUG:discord.client:Dispatching event message
2021-09-24 14:16:33,015:DEBUG:discord.http:POST https://discord.com/api/v7/channels/890903048128430080/messages with {"embed":{"fields":[{"inline":false,"name":"Og\u0142oszenie","value":"Dzisiaj w dniu 24.09.2021 og\u0142aszamy rozpocz\u0119cie prac nad now\u0105 edycj\u0105! Je\u017celi macie jakie\u015b pomys\u0142y kt\u00f3re mog\u0105 okaza\u0107 si\u0119 przydatn\u0119 prosimy o kontakt - numer: 997\n\nWidz\u0119 r\u00f3wnie\u017c co\u015b"}],"color":65280,"type":"rich","title":"<:logo:890908885278396416> StylowaMC <:logo:890908885278396416>"}} has returned 200
2021-09-24 14:16:33,015:DEBUG:discord.http:POST https://discord.com/api/v7/channels/890903048128430080/messages has received {'id': '890935136458264576', 'type': 0, 'content': '', 'channel_id': '890903048128430080', 'author': {'id': '890571244058075227', 'username': 'StylowaMC', 'avatar': None, 'discriminator': '0512', 'public_flags': 0, 'bot': True}, 'attachments': [], 'embeds': [{'type': 'rich', 'title': '<:logo:890908885278396416> StylowaMC <:logo:890908885278396416>', 'color': 65280, 'fields': [{'name': 'Ogłoszenie', 'value': 'Dzisiaj w dniu 24.09.2021 ogłaszamy rozpoczęcie prac nad nową edycją! Jeżeli macie jakieś pomysły które mogą okazać się przydatnę prosimy o kontakt - numer: 997\n\nWidzę również coś', 'inline': False}]}], 'mentions': [], 'mention_roles': [], 'pinned': False, 'mention_everyone': False, 'tts': False, 'timestamp': '2021-09-24T12:18:09.306000+00:00', 'edited_timestamp': None, 'flags': 0, 'components': [], 'referenced_message': None}
2021-09-24 14:16:33,016:DEBUG:discord.client:Dispatching event command_completion
2021-09-24 14:16:47,339:DEBUG:discord.gateway:Keeping shard ID None websocket alive with sequence 14.
2021-09-24 14:16:47,486:DEBUG:discord.client:Dispatching event socket_raw_receive
2021-09-24 14:16:47,487:DEBUG:discord.gateway:For Shard ID None: WebSocket Event: {'t': None, 's': None, 'op': 11, 'd': None}
2021-09-24 14:16:47,487:DEBUG:discord.client:Dispatching event socket_response
2021-09-24 14:17:28,602:DEBUG:discord.gateway:Keeping shard ID None websocket alive with sequence 14.
2021-09-24 14:17:28,735:DEBUG:discord.client:Dispatching event socket_raw_receive
2021-09-24 14:17:28,735:DEBUG:discord.gateway:For Shard ID None: WebSocket Event: {'t': None, 's': None, 'op': 11, 'd': None}
2021-09-24 14:17:28,735:DEBUG:discord.client:Dispatching event socket_response
2021-09-24 14:18:09,868:DEBUG:discord.gateway:Keeping shard ID None websocket alive with sequence 14.
2021-09-24 14:18:10,009:DEBUG:discord.client:Dispatching event socket_raw_receive
2021-09-24 14:18:10,009:DEBUG:discord.gateway:For Shard ID None: WebSocket Event: {'t': None, 's': None, 'op': 11, 'd': None}
2021-09-24 14:18:10,009:DEBUG:discord.client:Dispatching event socket_response
2021-09-24 14:18:51,127:DEBUG:discord.gateway:Keeping shard ID None websocket alive with sequence 14.
2021-09-24 14:18:51,266:DEBUG:discord.client:Dispatching event socket_raw_receive
2021-09-24 14:18:51,266:DEBUG:discord.gateway:For Shard ID None: WebSocket Event: {'t': None, 's': None, 'op': 11, 'd': None}
2021-09-24 14:18:51,267:DEBUG:discord.client:Dispatching event socket_response
2021-09-24 14:19:32,394:DEBUG:discord.gateway:Keeping shard ID None websocket alive with sequence 14.
2021-09-24 14:19:32,534:DEBUG:discord.client:Dispatching event socket_raw_receive
2021-09-24 14:19:32,534:DEBUG:discord.gateway:For Shard ID None: WebSocket Event: {'t': None, 's': None, 'op': 11, 'd': None}
2021-09-24 14:19:32,535:DEBUG:discord.client:Dispatching event socket_response
2021-09-24 14:20:07,300:INFO:discord.client:Received signal to terminate bot and event loop.
2021-09-24 14:20:07,301:INFO:discord.client:Cleaning up tasks.
2021-09-24 14:20:07,301:INFO:discord.client:Cleaning up after 1 tasks.
2021-09-24 14:20:07,302:INFO:discord.client:All tasks finished cancelling.
2021-09-24 14:20:07,302:INFO:discord.client:Closing the event loop.
